<?xml version="1.0" encoding="UTF-8"?>
<!-- Generated by org.testng.reporters.JUnitReportReporter -->
<testsuite hostname="USA-MAC-NIS1682.local" failures="0" tests="1" name="Tests.TestLogin" time="6.192" errors="0" timestamp="2022-03-24T11:51:04 PDT" skipped="0">
  <testcase classname="Tests.TestLogin" name="testLogin" time="6.192"/>
  <system-out/>
</testsuite> <!-- Tests.TestLogin -->
